build/app/intermediates/manifest_merge_blame_file/release/manifest-merger-blame-release-report.txt
1<?xml version="1.0" encoding="utf-8"?>
2<manifest xmlns:android="http://schemas.android.com/apk/res/android"
3    package="javaquiz.moazmar.com"
4    android:versionCode="4"
5    android:versionName="2.1.0" >
6
7    <uses-sdk
8        android:minSdkVersion="21"
8-->src\main\AndroidManifest.xml
9        android:targetSdkVersion="30" />
9-->src\main\AndroidManifest.xml
10
11    <uses-permission android:name="android.permission.INTERNET" />
11-->src\main\AndroidManifest.xml:4:5-67
11-->src\main\AndroidManifest.xml:4:22-64
12    <uses-permission android:name="android.permission.ACCESS_NETWORK_STATE" />
12-->src\main\AndroidManifest.xml:5:5-79
12-->src\main\AndroidManifest.xml:5:22-76
13    <uses-permission android:name="android.permission.READ_EXTERNAL_STORAGE" />
13-->[:image_picker] AndroidManifest.xml:7:5-80
13-->[:image_picker] AndroidManifest.xml:7:22-77
14    <uses-permission android:name="android.permission.WRITE_EXTERNAL_STORAGE" />
14-->[:image_picker] AndroidManifest.xml:8:5-81
14-->[:image_picker] AndroidManifest.xml:8:22-78
15    <uses-permission android:name="android.permission.WAKE_LOCK" /> <!-- Android package visibility setting -->
15-->[:firebase_analytics] AndroidManifest.xml:9:5-68
15-->[:firebase_analytics] AndroidManifest.xml:9:22-65
16    <queries>
16-->[com.google.android.gms:play-services-ads-lite:20.1.0] AndroidManifest.xml:27:5-43:15
17
18        <!-- For browser content -->
19        <intent>
19-->[com.google.android.gms:play-services-ads-lite:20.1.0] AndroidManifest.xml:30:9-36:18
20            <action android:name="android.intent.action.VIEW" />
20-->[com.google.firebase:firebase-auth:21.0.1] AndroidManifest.xml:34:17-69
20-->[com.google.firebase:firebase-auth:21.0.1] AndroidManifest.xml:34:25-66
21
22            <category android:name="android.intent.category.BROWSABLE" />
22-->[com.google.firebase:firebase-auth:21.0.1] AndroidManifest.xml:37:17-78
22-->[com.google.firebase:firebase-auth:21.0.1] AndroidManifest.xml:37:27-75
23
24            <data android:scheme="https" />
24-->[com.google.firebase:firebase-auth:21.0.1] AndroidManifest.xml:39:17-42:51
24-->[com.google.firebase:firebase-auth:21.0.1] AndroidManifest.xml:42:21-48
25        </intent>
26        <!-- End of browser content -->
27        <!-- For CustomTabsService -->
28        <intent>
28-->[com.google.android.gms:play-services-ads-lite:20.1.0] AndroidManifest.xml:39:9-41:18
29            <action android:name="android.support.customtabs.action.CustomTabsService" />
29-->[com.google.android.gms:play-services-ads-lite:20.1.0] AndroidManifest.xml:40:13-90
29-->[com.google.android.gms:play-services-ads-lite:20.1.0] AndroidManifest.xml:40:21-87
30        </intent>
31        <!-- End of CustomTabsService -->
32    </queries>
33
34    <uses-permission android:name="com.google.android.finsky.permission.BIND_GET_INSTALL_REFERRER_SERVICE" />
34-->[com.google.android.gms:play-services-measurement:19.0.0] AndroidManifest.xml:26:5-110
34-->[com.google.android.gms:play-services-measurement:19.0.0] AndroidManifest.xml:26:22-107
35    <uses-permission android:name="android.permission.RECEIVE_BOOT_COMPLETED" />
35-->[androidx.work:work-runtime:2.1.0] AndroidManifest.xml:27:5-81
35-->[androidx.work:work-runtime:2.1.0] AndroidManifest.xml:27:22-78
36
37    <application
37-->src\main\AndroidManifest.xml:7:5-48:19
38        android:allowBackup="true"
38-->src\main\AndroidManifest.xml:8:9-35
39        android:appComponentFactory="androidx.core.app.CoreComponentFactory"
39-->[androidx.core:core:1.6.0] AndroidManifest.xml:24:18-86
40        android:fullBackupContent="true"
40-->src\main\AndroidManifest.xml:9:9-41
41        android:icon="@mipmap/ic_launcher"
41-->src\main\AndroidManifest.xml:10:9-43
42        android:label="Java Quiz" >
42-->src\main\AndroidManifest.xml:11:9-34
43        <activity
43-->src\main\AndroidManifest.xml:12:9-38:20
44            android:name="com.mighty.quizapp_flutter.MainActivity"
44-->src\main\AndroidManifest.xml:13:13-41
45            android:configChanges="orientation|keyboardHidden|keyboard|screenSize|smallestScreenSize|locale|layoutDirection|fontScale|screenLayout|density|uiMode"
45-->src\main\AndroidManifest.xml:14:13-163
46            android:hardwareAccelerated="true"
46-->src\main\AndroidManifest.xml:15:13-47
47            android:launchMode="singleTop"
47-->src\main\AndroidManifest.xml:16:13-43
48            android:theme="@style/LaunchTheme"
48-->src\main\AndroidManifest.xml:17:13-47
49            android:windowSoftInputMode="adjustResize" >
49-->src\main\AndroidManifest.xml:18:13-55
50
51            <!--
52                 Specifies an Android theme to apply to this Activity as soon as
53                 the Android process has started. This theme is visible to the user
54                 while the Flutter UI initializes. After that, this theme continues
55                 to determine the Window background behind the Flutter UI.
56            -->
57            <meta-data
57-->src\main\AndroidManifest.xml:23:13-25:57
58                android:name="io.flutter.embedding.android.NormalTheme"
58-->src\main\AndroidManifest.xml:24:17-72
59                android:resource="@style/NormalTheme" />
59-->src\main\AndroidManifest.xml:25:17-54
60            <!--
61                 Displays an Android View that continues showing the launch screen
62                 Drawable until Flutter paints its first frame, then this splash
63                 screen fades out. A splash screen is useful to avoid any visual
64                 gap between the end of Android's launch screen and the painting of
65                 Flutter's first frame.
66            -->
67            <meta-data
67-->src\main\AndroidManifest.xml:31:13-33:66
68                android:name="io.flutter.embedding.android.SplashScreenDrawable"
68-->src\main\AndroidManifest.xml:32:17-81
69                android:resource="@drawable/launch_background" />
69-->src\main\AndroidManifest.xml:33:17-63
70
71            <intent-filter>
71-->src\main\AndroidManifest.xml:34:13-37:29
72                <action android:name="android.intent.action.MAIN" />
72-->src\main\AndroidManifest.xml:35:17-69
72-->src\main\AndroidManifest.xml:35:25-66
73
74                <category android:name="android.intent.category.LAUNCHER" />
74-->src\main\AndroidManifest.xml:36:17-77
74-->src\main\AndroidManifest.xml:36:27-74
75            </intent-filter>
76        </activity>
77        <!--
78             Don't delete the meta-data below.
79             This is used by the Flutter tool to generate GeneratedPluginRegistrant.java
80        -->
81        <meta-data
81-->src\main\AndroidManifest.xml:41:9-43:33
82            android:name="flutterEmbedding"
82-->src\main\AndroidManifest.xml:42:13-44
83            android:value="2" />
83-->src\main\AndroidManifest.xml:43:13-30
84        <meta-data
84-->src\main\AndroidManifest.xml:45:9-47:70
85            android:name="com.google.android.gms.ads.APPLICATION_ID"
85-->src\main\AndroidManifest.xml:46:13-69
86            android:value="ca-app-pub-1399327544318575~2365073538" />
86-->src\main\AndroidManifest.xml:47:13-67
87
88        <service
88-->[:firebase_storage] AndroidManifest.xml:8:9-12:19
89            android:name="com.google.firebase.components.ComponentDiscoveryService"
89-->[:firebase_storage] AndroidManifest.xml:8:18-89
90            android:directBootAware="true"
90-->[com.google.firebase:firebase-common:20.0.0] AndroidManifest.xml:35:13-43
91            android:exported="false" >
91-->[com.google.firebase:firebase-analytics-ktx:19.0.0] AndroidManifest.xml:10:13-37
92            <meta-data
92-->[:firebase_storage] AndroidManifest.xml:9:13-11:85
93                android:name="com.google.firebase.components:io.flutter.plugins.firebase.storage.FlutterFirebaseAppRegistrar"
93-->[:firebase_storage] AndroidManifest.xml:10:17-126
94                android:value="com.google.firebase.components.ComponentRegistrar" />
94-->[:firebase_storage] AndroidManifest.xml:11:17-82
95            <meta-data
95-->[:firebase_analytics] AndroidManifest.xml:13:13-15:85
96                android:name="com.google.firebase.components:io.flutter.plugins.firebaseanalytics.FlutterFirebaseAppRegistrar"
96-->[:firebase_analytics] AndroidManifest.xml:14:17-127
97                android:value="com.google.firebase.components.ComponentRegistrar" />
97-->[:firebase_analytics] AndroidManifest.xml:15:17-82
98            <meta-data
98-->[:cloud_firestore] AndroidManifest.xml:9:13-11:85
99                android:name="com.google.firebase.components:io.flutter.plugins.firebase.firestore.FlutterFirebaseFirestoreRegistrar"
99-->[:cloud_firestore] AndroidManifest.xml:10:17-134
100                android:value="com.google.firebase.components.ComponentRegistrar" />
100-->[:cloud_firestore] AndroidManifest.xml:11:17-82
101            <meta-data
101-->[:firebase_auth] AndroidManifest.xml:9:13-11:85
102                android:name="com.google.firebase.components:io.flutter.plugins.firebase.auth.FlutterFirebaseAuthRegistrar"
102-->[:firebase_auth] AndroidManifest.xml:10:17-124
103                android:value="com.google.firebase.components.ComponentRegistrar" />
103-->[:firebase_auth] AndroidManifest.xml:11:17-82
104            <meta-data
104-->[:firebase_core] AndroidManifest.xml:9:13-11:85
105                android:name="com.google.firebase.components:io.flutter.plugins.firebase.core.FlutterFirebaseCoreRegistrar"
105-->[:firebase_core] AndroidManifest.xml:10:17-124
106                android:value="com.google.firebase.components.ComponentRegistrar" />
106-->[:firebase_core] AndroidManifest.xml:11:17-82
107            <meta-data
107-->[com.google.firebase:firebase-analytics-ktx:19.0.0] AndroidManifest.xml:11:13-13:85
108                android:name="com.google.firebase.components:com.google.firebase.analytics.ktx.FirebaseAnalyticsKtxRegistrar"
108-->[com.google.firebase:firebase-analytics-ktx:19.0.0] AndroidManifest.xml:12:17-126
109                android:value="com.google.firebase.components.ComponentRegistrar" />
109-->[com.google.firebase:firebase-analytics-ktx:19.0.0] AndroidManifest.xml:13:17-82
110            <meta-data
110-->[com.google.firebase:firebase-common-ktx:20.0.0] AndroidManifest.xml:15:13-17:85
111                android:name="com.google.firebase.components:com.google.firebase.ktx.FirebaseCommonKtxRegistrar"
111-->[com.google.firebase:firebase-common-ktx:20.0.0] AndroidManifest.xml:16:17-113
112                android:value="com.google.firebase.components.ComponentRegistrar" />
112-->[com.google.firebase:firebase-common-ktx:20.0.0] AndroidManifest.xml:17:17-82
113            <meta-data
113-->[com.google.firebase:firebase-auth:21.0.1] AndroidManifest.xml:77:13-79:85
114                android:name="com.google.firebase.components:com.google.firebase.auth.FirebaseAuthRegistrar"
114-->[com.google.firebase:firebase-auth:21.0.1] AndroidManifest.xml:78:17-109
115                android:value="com.google.firebase.components.ComponentRegistrar" />
115-->[com.google.firebase:firebase-auth:21.0.1] AndroidManifest.xml:79:17-82
116            <meta-data
116-->[com.google.firebase:firebase-firestore:23.0.0] AndroidManifest.xml:20:13-22:85
117                android:name="com.google.firebase.components:com.google.firebase.firestore.FirestoreRegistrar"
117-->[com.google.firebase:firebase-firestore:23.0.0] AndroidManifest.xml:21:17-111
118                android:value="com.google.firebase.components.ComponentRegistrar" />
118-->[com.google.firebase:firebase-firestore:23.0.0] AndroidManifest.xml:22:17-82
119            <meta-data
119-->[com.google.firebase:firebase-storage:20.0.0] AndroidManifest.xml:33:13-35:85
120                android:name="com.google.firebase.components:com.google.firebase.storage.StorageRegistrar"
120-->[com.google.firebase:firebase-storage:20.0.0] AndroidManifest.xml:34:17-107
121                android:value="com.google.firebase.components.ComponentRegistrar" />
121-->[com.google.firebase:firebase-storage:20.0.0] AndroidManifest.xml:35:17-82
122            <meta-data
122-->[com.google.android.gms:play-services-measurement-api:19.0.0] AndroidManifest.xml:30:13-32:85
123                android:name="com.google.firebase.components:com.google.firebase.analytics.connector.internal.AnalyticsConnectorRegistrar"
123-->[com.google.android.gms:play-services-measurement-api:19.0.0] AndroidManifest.xml:31:17-139
124                android:value="com.google.firebase.components.ComponentRegistrar" />
124-->[com.google.android.gms:play-services-measurement-api:19.0.0] AndroidManifest.xml:32:17-82
125            <meta-data
125-->[com.google.firebase:firebase-installations:17.0.0] AndroidManifest.xml:18:13-20:85
126                android:name="com.google.firebase.components:com.google.firebase.installations.FirebaseInstallationsRegistrar"
126-->[com.google.firebase:firebase-installations:17.0.0] AndroidManifest.xml:19:17-127
127                android:value="com.google.firebase.components.ComponentRegistrar" />
127-->[com.google.firebase:firebase-installations:17.0.0] AndroidManifest.xml:20:17-82
128        </service>
129
130        <provider
130-->[:image_picker] AndroidManifest.xml:11:9-19:20
131            android:name="io.flutter.plugins.imagepicker.ImagePickerFileProvider"
131-->[:image_picker] AndroidManifest.xml:12:13-82
132            android:authorities="javaquiz.moazmar.com.flutter.image_provider"
132-->[:image_picker] AndroidManifest.xml:13:13-74
133            android:exported="false"
133-->[:image_picker] AndroidManifest.xml:14:13-37
134            android:grantUriPermissions="true" >
134-->[:image_picker] AndroidManifest.xml:15:13-47
135            <meta-data
135-->[:image_picker] AndroidManifest.xml:16:13-18:75
136                android:name="android.support.FILE_PROVIDER_PATHS"
136-->[:image_picker] AndroidManifest.xml:17:17-67
137                android:resource="@xml/flutter_image_picker_file_paths" />
137-->[:image_picker] AndroidManifest.xml:18:17-72
138        </provider>
139
140        <meta-data
140-->[:google_mobile_ads] AndroidManifest.xml:10:9-12:36
141            android:name="io.flutter.embedded_views_preview"
141-->[:google_mobile_ads] AndroidManifest.xml:11:13-61
142            android:value="true" />
142-->[:google_mobile_ads] AndroidManifest.xml:12:13-33
143
144        <activity
144-->[:url_launcher] AndroidManifest.xml:8:9-11:74
145            android:name="io.flutter.plugins.urllauncher.WebViewActivity"
145-->[:url_launcher] AndroidManifest.xml:9:13-74
146            android:exported="false"
146-->[:url_launcher] AndroidManifest.xml:10:13-37
147            android:theme="@android:style/Theme.NoTitleBar.Fullscreen" />
147-->[:url_launcher] AndroidManifest.xml:11:13-71
148
149        <uses-library
149-->[androidx.window:window:1.0.0-beta04] AndroidManifest.xml:25:9-27:40
150            android:name="androidx.window.extensions"
150-->[androidx.window:window:1.0.0-beta04] AndroidManifest.xml:26:13-54
151            android:required="false" />
151-->[androidx.window:window:1.0.0-beta04] AndroidManifest.xml:27:13-37
152        <uses-library
152-->[androidx.window:window:1.0.0-beta04] AndroidManifest.xml:28:9-30:40
153            android:name="androidx.window.sidecar"
153-->[androidx.window:window:1.0.0-beta04] AndroidManifest.xml:29:13-51
154            android:required="false" />
154-->[androidx.window:window:1.0.0-beta04] AndroidManifest.xml:30:13-37
155
156        <activity
156-->[com.google.firebase:firebase-auth:21.0.1] AndroidManifest.xml:27:9-44:20
157            android:name="com.google.firebase.auth.internal.GenericIdpActivity"
157-->[com.google.firebase:firebase-auth:21.0.1] AndroidManifest.xml:28:13-80
158            android:excludeFromRecents="true"
158-->[com.google.firebase:firebase-auth:21.0.1] AndroidManifest.xml:29:13-46
159            android:exported="true"
159-->[com.google.firebase:firebase-auth:21.0.1] AndroidManifest.xml:30:13-36
160            android:launchMode="singleTask"
160-->[com.google.firebase:firebase-auth:21.0.1] AndroidManifest.xml:31:13-44
161            android:theme="@android:style/Theme.Translucent.NoTitleBar" >
161-->[com.google.firebase:firebase-auth:21.0.1] AndroidManifest.xml:32:13-72
162            <intent-filter>
162-->[com.google.firebase:firebase-auth:21.0.1] AndroidManifest.xml:33:13-43:29
163                <action android:name="android.intent.action.VIEW" />
163-->[com.google.firebase:firebase-auth:21.0.1] AndroidManifest.xml:34:17-69
163-->[com.google.firebase:firebase-auth:21.0.1] AndroidManifest.xml:34:25-66
164
165                <category android:name="android.intent.category.DEFAULT" />
165-->[com.google.firebase:firebase-auth:21.0.1] AndroidManifest.xml:36:17-76
165-->[com.google.firebase:firebase-auth:21.0.1] AndroidManifest.xml:36:27-73
166                <category android:name="android.intent.category.BROWSABLE" />
166-->[com.google.firebase:firebase-auth:21.0.1] AndroidManifest.xml:37:17-78
166-->[com.google.firebase:firebase-auth:21.0.1] AndroidManifest.xml:37:27-75
167
168                <data
168-->[com.google.firebase:firebase-auth:21.0.1] AndroidManifest.xml:39:17-42:51
169                    android:host="firebase.auth"
169-->[com.google.firebase:firebase-auth:21.0.1] AndroidManifest.xml:40:21-49
170                    android:path="/"
170-->[com.google.firebase:firebase-auth:21.0.1] AndroidManifest.xml:41:21-37
171                    android:scheme="genericidp" />
171-->[com.google.firebase:firebase-auth:21.0.1] AndroidManifest.xml:42:21-48
172            </intent-filter>
173        </activity>
174        <activity
174-->[com.google.firebase:firebase-auth:21.0.1] AndroidManifest.xml:45:9-62:20
175            android:name="com.google.firebase.auth.internal.RecaptchaActivity"
175-->[com.google.firebase:firebase-auth:21.0.1] AndroidManifest.xml:46:13-79
176            android:excludeFromRecents="true"
176-->[com.google.firebase:firebase-auth:21.0.1] AndroidManifest.xml:47:13-46
177            android:exported="true"
177-->[com.google.firebase:firebase-auth:21.0.1] AndroidManifest.xml:48:13-36
178            android:launchMode="singleTask"
178-->[com.google.firebase:firebase-auth:21.0.1] AndroidManifest.xml:49:13-44
179            android:theme="@android:style/Theme.Translucent.NoTitleBar" >
179-->[com.google.firebase:firebase-auth:21.0.1] AndroidManifest.xml:50:13-72
180            <intent-filter>
180-->[com.google.firebase:firebase-auth:21.0.1] AndroidManifest.xml:51:13-61:29
181                <action android:name="android.intent.action.VIEW" />
181-->[com.google.firebase:firebase-auth:21.0.1] AndroidManifest.xml:34:17-69
181-->[com.google.firebase:firebase-auth:21.0.1] AndroidManifest.xml:34:25-66
182
183                <category android:name="android.intent.category.DEFAULT" />
183-->[com.google.firebase:firebase-auth:21.0.1] AndroidManifest.xml:36:17-76
183-->[com.google.firebase:firebase-auth:21.0.1] AndroidManifest.xml:36:27-73
184                <category android:name="android.intent.category.BROWSABLE" />
184-->[com.google.firebase:firebase-auth:21.0.1] AndroidManifest.xml:37:17-78
184-->[com.google.firebase:firebase-auth:21.0.1] AndroidManifest.xml:37:27-75
185
186                <data
186-->[com.google.firebase:firebase-auth:21.0.1] AndroidManifest.xml:39:17-42:51
187                    android:host="firebase.auth"
187-->[com.google.firebase:firebase-auth:21.0.1] AndroidManifest.xml:40:21-49
188                    android:path="/"
188-->[com.google.firebase:firebase-auth:21.0.1] AndroidManifest.xml:41:21-37
189                    android:scheme="recaptcha" />
189-->[com.google.firebase:firebase-auth:21.0.1] AndroidManifest.xml:42:21-48
190            </intent-filter>
191        </activity>
192
193        <service
193-->[com.google.firebase:firebase-auth:21.0.1] AndroidManifest.xml:64:9-73:19
194            android:name="com.google.firebase.auth.api.fallback.service.FirebaseAuthFallbackService"
194-->[com.google.firebase:firebase-auth:21.0.1] AndroidManifest.xml:65:13-101
195            android:enabled="true"
195-->[com.google.firebase:firebase-auth:21.0.1] AndroidManifest.xml:66:13-35
196            android:exported="false" >
196-->[com.google.firebase:firebase-auth:21.0.1] AndroidManifest.xml:67:13-37
197            <intent-filter>
197-->[com.google.firebase:firebase-auth:21.0.1] AndroidManifest.xml:68:13-72:29
198                <action android:name="com.google.firebase.auth.api.gms.service.START" />
198-->[com.google.firebase:firebase-auth:21.0.1] AndroidManifest.xml:69:17-89
198-->[com.google.firebase:firebase-auth:21.0.1] AndroidManifest.xml:69:25-86
199
200                <category android:name="android.intent.category.DEFAULT" />
200-->[com.google.firebase:firebase-auth:21.0.1] AndroidManifest.xml:36:17-76
200-->[com.google.firebase:firebase-auth:21.0.1] AndroidManifest.xml:36:27-73
201            </intent-filter>
202        </service>
203
204        <provider
204-->[com.google.firebase:firebase-common:20.0.0] AndroidManifest.xml:26:9-31:39
205            android:name="com.google.firebase.provider.FirebaseInitProvider"
205-->[com.google.firebase:firebase-common:20.0.0] AndroidManifest.xml:27:13-77
206            android:authorities="javaquiz.moazmar.com.firebaseinitprovider"
206-->[com.google.firebase:firebase-common:20.0.0] AndroidManifest.xml:28:13-72
207            android:directBootAware="true"
207-->[com.google.firebase:firebase-common:20.0.0] AndroidManifest.xml:29:13-43
208            android:exported="false"
208-->[com.google.firebase:firebase-common:20.0.0] AndroidManifest.xml:30:13-37
209            android:initOrder="100" />
209-->[com.google.firebase:firebase-common:20.0.0] AndroidManifest.xml:31:13-36
210
211        <activity
211-->[com.google.android.gms:play-services-auth:16.0.1] AndroidManifest.xml:23:9-27:75
212            android:name="com.google.android.gms.auth.api.signin.internal.SignInHubActivity"
212-->[com.google.android.gms:play-services-auth:16.0.1] AndroidManifest.xml:24:13-93
213            android:excludeFromRecents="true"
213-->[com.google.android.gms:play-services-auth:16.0.1] AndroidManifest.xml:25:13-46
214            android:exported="false"
214-->[com.google.android.gms:play-services-auth:16.0.1] AndroidManifest.xml:26:13-37
215            android:theme="@android:style/Theme.Translucent.NoTitleBar" />
215-->[com.google.android.gms:play-services-auth:16.0.1] AndroidManifest.xml:27:13-72
216        <!--
217            Service handling Google Sign-In user revocation. For apps that do not integrate with
218            Google Sign-In, this service will never be started.
219        -->
220        <service
220-->[com.google.android.gms:play-services-auth:16.0.1] AndroidManifest.xml:33:9-36:110
221            android:name="com.google.android.gms.auth.api.signin.RevocationBoundService"
221-->[com.google.android.gms:play-services-auth:16.0.1] AndroidManifest.xml:34:13-89
222            android:exported="true"
222-->[com.google.android.gms:play-services-auth:16.0.1] AndroidManifest.xml:35:13-36
223            android:permission="com.google.android.gms.auth.api.signin.permission.REVOCATION_NOTIFICATION" />
223-->[com.google.android.gms:play-services-auth:16.0.1] AndroidManifest.xml:36:13-107
224
225        <activity
225-->[com.google.android.gms:play-services-base:17.1.0] AndroidManifest.xml:23:9-26:75
226            android:name="com.google.android.gms.common.api.GoogleApiActivity"
226-->[com.google.android.gms:play-services-base:17.1.0] AndroidManifest.xml:24:13-79
227            android:exported="false"
227-->[com.google.android.gms:play-services-base:17.1.0] AndroidManifest.xml:25:13-37
228            android:theme="@android:style/Theme.Translucent.NoTitleBar" /> <!-- Include the AdActivity and InAppPurchaseActivity configChanges and themes. -->
228-->[com.google.android.gms:play-services-base:17.1.0] AndroidManifest.xml:26:13-72
229        <activity
229-->[com.google.android.gms:play-services-ads-lite:20.1.0] AndroidManifest.xml:48:9-52:64
230            android:name="com.google.android.gms.ads.AdActivity"
230-->[com.google.android.gms:play-services-ads-lite:20.1.0] AndroidManifest.xml:49:13-65
231            android:configChanges="keyboard|keyboardHidden|orientation|screenLayout|uiMode|screenSize|smallestScreenSize"
231-->[com.google.android.gms:play-services-ads-lite:20.1.0] AndroidManifest.xml:50:13-122
232            android:exported="false"
232-->[com.google.android.gms:play-services-ads-lite:20.1.0] AndroidManifest.xml:51:13-37
233            android:theme="@android:style/Theme.Translucent" />
233-->[com.google.android.gms:play-services-ads-lite:20.1.0] AndroidManifest.xml:52:13-61
234
235        <provider
235-->[com.google.android.gms:play-services-ads-lite:20.1.0] AndroidManifest.xml:54:9-58:39
236            android:name="com.google.android.gms.ads.MobileAdsInitProvider"
236-->[com.google.android.gms:play-services-ads-lite:20.1.0] AndroidManifest.xml:55:13-76
237            android:authorities="javaquiz.moazmar.com.mobileadsinitprovider"
237-->[com.google.android.gms:play-services-ads-lite:20.1.0] AndroidManifest.xml:56:13-73
238            android:exported="false"
238-->[com.google.android.gms:play-services-ads-lite:20.1.0] AndroidManifest.xml:57:13-37
239            android:initOrder="100" />
239-->[com.google.android.gms:play-services-ads-lite:20.1.0] AndroidManifest.xml:58:13-36
240
241        <service
241-->[com.google.android.gms:play-services-ads-lite:20.1.0] AndroidManifest.xml:60:9-63:40
242            android:name="com.google.android.gms.ads.AdService"
242-->[com.google.android.gms:play-services-ads-lite:20.1.0] AndroidManifest.xml:61:13-64
243            android:enabled="true"
243-->[com.google.android.gms:play-services-ads-lite:20.1.0] AndroidManifest.xml:62:13-35
244            android:exported="false" />
244-->[com.google.android.gms:play-services-ads-lite:20.1.0] AndroidManifest.xml:63:13-37
245
246        <receiver
246-->[com.google.android.gms:play-services-measurement:19.0.0] AndroidManifest.xml:29:9-33:20
247            android:name="com.google.android.gms.measurement.AppMeasurementReceiver"
247-->[com.google.android.gms:play-services-measurement:19.0.0] AndroidManifest.xml:30:13-85
248            android:enabled="true"
248-->[com.google.android.gms:play-services-measurement:19.0.0] AndroidManifest.xml:31:13-35
249            android:exported="false" >
249-->[com.google.android.gms:play-services-measurement:19.0.0] AndroidManifest.xml:32:13-37
250        </receiver>
251
252        <service
252-->[com.google.android.gms:play-services-measurement:19.0.0] AndroidManifest.xml:35:9-38:40
253            android:name="com.google.android.gms.measurement.AppMeasurementService"
253-->[com.google.android.gms:play-services-measurement:19.0.0] AndroidManifest.xml:36:13-84
254            android:enabled="true"
254-->[com.google.android.gms:play-services-measurement:19.0.0] AndroidManifest.xml:37:13-35
255            android:exported="false" />
255-->[com.google.android.gms:play-services-measurement:19.0.0] AndroidManifest.xml:38:13-37
256        <service
256-->[com.google.android.gms:play-services-measurement:19.0.0] AndroidManifest.xml:39:9-43:72
257            android:name="com.google.android.gms.measurement.AppMeasurementJobService"
257-->[com.google.android.gms:play-services-measurement:19.0.0] AndroidManifest.xml:40:13-87
258            android:enabled="true"
258-->[com.google.android.gms:play-services-measurement:19.0.0] AndroidManifest.xml:41:13-35
259            android:exported="false"
259-->[com.google.android.gms:play-services-measurement:19.0.0] AndroidManifest.xml:42:13-37
260            android:permission="android.permission.BIND_JOB_SERVICE" />
260-->[com.google.android.gms:play-services-measurement:19.0.0] AndroidManifest.xml:43:13-69
261
262        <meta-data
262-->[com.google.android.gms:play-services-basement:17.6.0] AndroidManifest.xml:23:9-25:69
263            android:name="com.google.android.gms.version"
263-->[com.google.android.gms:play-services-basement:17.6.0] AndroidManifest.xml:24:13-58
264            android:value="@integer/google_play_services_version" />
264-->[com.google.android.gms:play-services-basement:17.6.0] AndroidManifest.xml:25:13-66
265
266        <provider
266-->[androidx.work:work-runtime:2.1.0] AndroidManifest.xml:30:9-36:35
267            android:name="androidx.work.impl.WorkManagerInitializer"
267-->[androidx.work:work-runtime:2.1.0] AndroidManifest.xml:31:13-69
268            android:authorities="javaquiz.moazmar.com.workmanager-init"
268-->[androidx.work:work-runtime:2.1.0] AndroidManifest.xml:32:13-68
269            android:directBootAware="false"
269-->[androidx.work:work-runtime:2.1.0] AndroidManifest.xml:33:13-44
270            android:exported="false"
270-->[androidx.work:work-runtime:2.1.0] AndroidManifest.xml:34:13-37
271            android:multiprocess="true" />
271-->[androidx.work:work-runtime:2.1.0] AndroidManifest.xml:35:13-40
272
273        <service
273-->[androidx.work:work-runtime:2.1.0] AndroidManifest.xml:38:9-43:35
274            android:name="androidx.work.impl.background.systemalarm.SystemAlarmService"
274-->[androidx.work:work-runtime:2.1.0] AndroidManifest.xml:39:13-88
275            android:directBootAware="false"
275-->[androidx.work:work-runtime:2.1.0] AndroidManifest.xml:40:13-44
276            android:enabled="@bool/enable_system_alarm_service_default"
276-->[androidx.work:work-runtime:2.1.0] AndroidManifest.xml:41:13-72
277            android:exported="false" />
277-->[androidx.work:work-runtime:2.1.0] AndroidManifest.xml:42:13-37
278        <service
278-->[androidx.work:work-runtime:2.1.0] AndroidManifest.xml:44:9-50:35
279            android:name="androidx.work.impl.background.systemjob.SystemJobService"
279-->[androidx.work:work-runtime:2.1.0] AndroidManifest.xml:45:13-84
280            android:directBootAware="false"
280-->[androidx.work:work-runtime:2.1.0] AndroidManifest.xml:46:13-44
281            android:enabled="@bool/enable_system_job_service_default"